<?xml version="1.0" encoding="UTF-8"?>
<testsuite xmlns:xsi="http://www.w3.org/2001/XMLSchema-instance" xsi:noNamespaceSchemaLocation="https://maven.apache.org/surefire/maven-surefire-plugin/xsd/surefire-test-report.xsd" name="it.uniroma2.dicii.isw2.jcs.paramTests.EventQueueConcurrentLoadTest" time="11.02" tests="8" errors="1" skipped="0" failures="0">
  <properties>
    <property name="awt.toolkit" value="sun.awt.X11.XToolkit"/>
    <property name="file.encoding.pkg" value="sun.io"/>
    <property name="java.specification.version" value="1.8"/>
    <property name="sun.cpu.isalist" value=""/>
    <property name="sun.jnu.encoding" value="UTF-8"/>
    <property name="java.class.path" value="/media/massimo/Dati/Documenti/Università/1-Magistrale/iswii/working-copies-GITHUB/isw2-proj1plus/target/test-classes:/media/massimo/Dati/Documenti/Università/1-Magistrale/iswii/working-copies-GITHUB/isw2-proj1plus/target/classes:/home/massimo/.m2/repository/org/hamcrest/hamcrest-core/1.3/hamcrest-core-1.3.jar:/home/massimo/.m2/repository/org/junit/jupiter/junit-jupiter-engine/5.2.0/junit-jupiter-engine-5.2.0.jar:/home/massimo/.m2/repository/org/apiguardian/apiguardian-api/1.0.0/apiguardian-api-1.0.0.jar:/home/massimo/.m2/repository/org/junit/platform/junit-platform-engine/1.2.0/junit-platform-engine-1.2.0.jar:/home/massimo/.m2/repository/org/junit/platform/junit-platform-commons/1.2.0/junit-platform-commons-1.2.0.jar:/home/massimo/.m2/repository/org/opentest4j/opentest4j/1.1.0/opentest4j-1.1.0.jar:/home/massimo/.m2/repository/org/junit/jupiter/junit-jupiter-api/5.2.0/junit-jupiter-api-5.2.0.jar:/home/massimo/.m2/repository/org/junit/platform/junit-platform-runner/1.2.0/junit-platform-runner-1.2.0.jar:/home/massimo/.m2/repository/org/junit/platform/junit-platform-launcher/1.2.0/junit-platform-launcher-1.2.0.jar:/home/massimo/.m2/repository/org/junit/platform/junit-platform-suite-api/1.2.0/junit-platform-suite-api-1.2.0.jar:/home/massimo/.m2/repository/junit/junit/4.12/junit-4.12.jar:/home/massimo/.m2/repository/org/junit/jupiter/junit-jupiter-params/5.2.0/junit-jupiter-params-5.2.0.jar:/home/massimo/.m2/repository/commons-logging/commons-logging/1.1/commons-logging-1.1.jar:/home/massimo/.m2/repository/logkit/logkit/1.0.1/logkit-1.0.1.jar:/home/massimo/.m2/repository/avalon-framework/avalon-framework/4.1.3/avalon-framework-4.1.3.jar:/home/massimo/.m2/repository/concurrent/concurrent/1.0/concurrent-1.0.jar:/home/massimo/.m2/repository/org/apache/commons/commons-jcs-core/2.2.1/commons-jcs-core-2.2.1.jar:/home/massimo/.m2/repository/jcs/jcs/1.3/jcs-1.3.jar:/home/massimo/.m2/repository/commons-collections/commons-collections/3.2/commons-collections-3.2.jar:/home/massimo/.m2/repository/commons-configuration/commons-configuration/1.4/commons-configuration-1.4.jar:/home/massimo/.m2/repository/commons-logging/commons-logging-api/1.0.4/commons-logging-api-1.0.4.jar:/home/massimo/.m2/repository/commons-digester/commons-digester/1.8/commons-digester-1.8.jar:/home/massimo/.m2/repository/commons-beanutils/commons-beanutils/1.7.0/commons-beanutils-1.7.0.jar:/home/massimo/.m2/repository/commons-beanutils/commons-beanutils-core/1.7.0/commons-beanutils-core-1.7.0.jar:/home/massimo/.m2/repository/commons-codec/commons-codec/1.3/commons-codec-1.3.jar:/home/massimo/.m2/repository/commons-jxpath/commons-jxpath/1.2/commons-jxpath-1.2.jar:/home/massimo/.m2/repository/xerces/xerces/1.2.3/xerces-1.2.3.jar:/home/massimo/.m2/repository/ant/ant-optional/1.5.1/ant-optional-1.5.1.jar:/home/massimo/.m2/repository/jdom/jdom/b9/jdom-b9.jar:/home/massimo/.m2/repository/commons-lang/commons-lang/2.1/commons-lang-2.1.jar:/home/massimo/.m2/repository/commons-dbcp/commons-dbcp/1.2.2/commons-dbcp-1.2.2.jar:/home/massimo/.m2/repository/commons-pool/commons-pool/1.3/commons-pool-1.3.jar:/home/massimo/.m2/repository/hsqldb/hsqldb/1.7.3.3/hsqldb-1.7.3.3.jar:/home/massimo/.m2/repository/log4j/log4j/1.2.12/log4j-1.2.12.jar:/home/massimo/.m2/repository/javax/servlet/servlet-api/2.3/servlet-api-2.3.jar:/home/massimo/.m2/repository/tomcat/tomcat-util/3.2.1/tomcat-util-3.2.1.jar:/home/massimo/.m2/repository/velocity/velocity/1.5/velocity-1.5.jar:/home/massimo/.m2/repository/oro/oro/2.0.8/oro-2.0.8.jar:/home/massimo/.m2/repository/xmlrpc/xmlrpc/2.0/xmlrpc-2.0.jar:/home/massimo/.m2/repository/xerces/xercesImpl/2.6.2/xercesImpl-2.6.2.jar:/home/massimo/.m2/repository/xml-apis/xml-apis/1.0.b2/xml-apis-1.0.b2.jar:/home/massimo/.m2/repository/berkeleydb/berkeleydb/1.5.1/berkeleydb-1.5.1.jar:/home/massimo/.m2/repository/mysql/mysql-connector-java/8.0.16/mysql-connector-java-8.0.16.jar:/home/massimo/.m2/repository/com/google/protobuf/protobuf-java/3.6.1/protobuf-java-3.6.1.jar:"/>
    <property name="java.vm.vendor" value="Private Build"/>
    <property name="sun.arch.data.model" value="64"/>
    <property name="java.vendor.url" value="http://java.oracle.com/"/>
    <property name="user.timezone" value=""/>
    <property name="java.vm.specification.version" value="1.8"/>
    <property name="os.name" value="Linux"/>
    <property name="user.country" value="IT"/>
    <property name="sun.java.launcher" value="SUN_STANDARD"/>
    <property name="sun.boot.library.path" value="/usr/lib/jvm/java-8-openjdk-amd64/jre/lib/amd64"/>
    <property name="sun.java.command" value="/media/massimo/Dati/Documenti/Università/1-Magistrale/iswii/working-copies-GITHUB/isw2-proj1plus/target/surefire/surefirebooter5890856590010030494.jar /media/massimo/Dati/Documenti/Università/1-Magistrale/iswii/working-copies-GITHUB/isw2-proj1plus/target/surefire 2022-02-08T16-13-07_130-jvmRun1 surefire103116372215745849tmp surefire_06634588764278975243tmp"/>
    <property name="surefire.test.class.path" value="/media/massimo/Dati/Documenti/Università/1-Magistrale/iswii/working-copies-GITHUB/isw2-proj1plus/target/test-classes:/media/massimo/Dati/Documenti/Università/1-Magistrale/iswii/working-copies-GITHUB/isw2-proj1plus/target/classes:/home/massimo/.m2/repository/org/hamcrest/hamcrest-core/1.3/hamcrest-core-1.3.jar:/home/massimo/.m2/repository/org/junit/jupiter/junit-jupiter-engine/5.2.0/junit-jupiter-engine-5.2.0.jar:/home/massimo/.m2/repository/org/apiguardian/apiguardian-api/1.0.0/apiguardian-api-1.0.0.jar:/home/massimo/.m2/repository/org/junit/platform/junit-platform-engine/1.2.0/junit-platform-engine-1.2.0.jar:/home/massimo/.m2/repository/org/junit/platform/junit-platform-commons/1.2.0/junit-platform-commons-1.2.0.jar:/home/massimo/.m2/repository/org/opentest4j/opentest4j/1.1.0/opentest4j-1.1.0.jar:/home/massimo/.m2/repository/org/junit/jupiter/junit-jupiter-api/5.2.0/junit-jupiter-api-5.2.0.jar:/home/massimo/.m2/repository/org/junit/platform/junit-platform-runner/1.2.0/junit-platform-runner-1.2.0.jar:/home/massimo/.m2/repository/org/junit/platform/junit-platform-launcher/1.2.0/junit-platform-launcher-1.2.0.jar:/home/massimo/.m2/repository/org/junit/platform/junit-platform-suite-api/1.2.0/junit-platform-suite-api-1.2.0.jar:/home/massimo/.m2/repository/junit/junit/4.12/junit-4.12.jar:/home/massimo/.m2/repository/org/junit/jupiter/junit-jupiter-params/5.2.0/junit-jupiter-params-5.2.0.jar:/home/massimo/.m2/repository/commons-logging/commons-logging/1.1/commons-logging-1.1.jar:/home/massimo/.m2/repository/logkit/logkit/1.0.1/logkit-1.0.1.jar:/home/massimo/.m2/repository/avalon-framework/avalon-framework/4.1.3/avalon-framework-4.1.3.jar:/home/massimo/.m2/repository/concurrent/concurrent/1.0/concurrent-1.0.jar:/home/massimo/.m2/repository/org/apache/commons/commons-jcs-core/2.2.1/commons-jcs-core-2.2.1.jar:/home/massimo/.m2/repository/jcs/jcs/1.3/jcs-1.3.jar:/home/massimo/.m2/repository/commons-collections/commons-collections/3.2/commons-collections-3.2.jar:/home/massimo/.m2/repository/commons-configuration/commons-configuration/1.4/commons-configuration-1.4.jar:/home/massimo/.m2/repository/commons-logging/commons-logging-api/1.0.4/commons-logging-api-1.0.4.jar:/home/massimo/.m2/repository/commons-digester/commons-digester/1.8/commons-digester-1.8.jar:/home/massimo/.m2/repository/commons-beanutils/commons-beanutils/1.7.0/commons-beanutils-1.7.0.jar:/home/massimo/.m2/repository/commons-beanutils/commons-beanutils-core/1.7.0/commons-beanutils-core-1.7.0.jar:/home/massimo/.m2/repository/commons-codec/commons-codec/1.3/commons-codec-1.3.jar:/home/massimo/.m2/repository/commons-jxpath/commons-jxpath/1.2/commons-jxpath-1.2.jar:/home/massimo/.m2/repository/xerces/xerces/1.2.3/xerces-1.2.3.jar:/home/massimo/.m2/repository/ant/ant-optional/1.5.1/ant-optional-1.5.1.jar:/home/massimo/.m2/repository/jdom/jdom/b9/jdom-b9.jar:/home/massimo/.m2/repository/commons-lang/commons-lang/2.1/commons-lang-2.1.jar:/home/massimo/.m2/repository/commons-dbcp/commons-dbcp/1.2.2/commons-dbcp-1.2.2.jar:/home/massimo/.m2/repository/commons-pool/commons-pool/1.3/commons-pool-1.3.jar:/home/massimo/.m2/repository/hsqldb/hsqldb/1.7.3.3/hsqldb-1.7.3.3.jar:/home/massimo/.m2/repository/log4j/log4j/1.2.12/log4j-1.2.12.jar:/home/massimo/.m2/repository/javax/servlet/servlet-api/2.3/servlet-api-2.3.jar:/home/massimo/.m2/repository/tomcat/tomcat-util/3.2.1/tomcat-util-3.2.1.jar:/home/massimo/.m2/repository/velocity/velocity/1.5/velocity-1.5.jar:/home/massimo/.m2/repository/oro/oro/2.0.8/oro-2.0.8.jar:/home/massimo/.m2/repository/xmlrpc/xmlrpc/2.0/xmlrpc-2.0.jar:/home/massimo/.m2/repository/xerces/xercesImpl/2.6.2/xercesImpl-2.6.2.jar:/home/massimo/.m2/repository/xml-apis/xml-apis/1.0.b2/xml-apis-1.0.b2.jar:/home/massimo/.m2/repository/berkeleydb/berkeleydb/1.5.1/berkeleydb-1.5.1.jar:/home/massimo/.m2/repository/mysql/mysql-connector-java/8.0.16/mysql-connector-java-8.0.16.jar:/home/massimo/.m2/repository/com/google/protobuf/protobuf-java/3.6.1/protobuf-java-3.6.1.jar:"/>
    <property name="sun.cpu.endian" value="little"/>
    <property name="user.home" value="/home/massimo"/>
    <property name="user.language" value="it"/>
    <property name="java.specification.vendor" value="Oracle Corporation"/>
    <property name="java.home" value="/usr/lib/jvm/java-8-openjdk-amd64/jre"/>
    <property name="basedir" value="/media/massimo/Dati/Documenti/Università/1-Magistrale/iswii/working-copies-GITHUB/isw2-proj1plus"/>
    <property name="file.separator" value="/"/>
    <property name="line.separator" value="&#10;"/>
    <property name="java.vm.specification.vendor" value="Oracle Corporation"/>
    <property name="java.specification.name" value="Java Platform API Specification"/>
    <property name="java.awt.graphicsenv" value="sun.awt.X11GraphicsEnvironment"/>
    <property name="surefire.real.class.path" value="/media/massimo/Dati/Documenti/Università/1-Magistrale/iswii/working-copies-GITHUB/isw2-proj1plus/target/surefire/surefirebooter5890856590010030494.jar"/>
    <property name="sun.boot.class.path" value="/usr/lib/jvm/java-8-openjdk-amd64/jre/lib/resources.jar:/usr/lib/jvm/java-8-openjdk-amd64/jre/lib/rt.jar:/usr/lib/jvm/java-8-openjdk-amd64/jre/lib/sunrsasign.jar:/usr/lib/jvm/java-8-openjdk-amd64/jre/lib/jsse.jar:/usr/lib/jvm/java-8-openjdk-amd64/jre/lib/jce.jar:/usr/lib/jvm/java-8-openjdk-amd64/jre/lib/charsets.jar:/usr/lib/jvm/java-8-openjdk-amd64/jre/lib/jfr.jar:/usr/lib/jvm/java-8-openjdk-amd64/jre/classes"/>
    <property name="sun.management.compiler" value="HotSpot 64-Bit Tiered Compilers"/>
    <property name="java.runtime.version" value="1.8.0_312-8u312-b07-0ubuntu1~20.04-b07"/>
    <property name="user.name" value="massimo"/>
    <property name="path.separator" value=":"/>
    <property name="os.version" value="5.4.0-96-generic"/>
    <property name="java.endorsed.dirs" value="/usr/lib/jvm/java-8-openjdk-amd64/jre/lib/endorsed"/>
    <property name="java.runtime.name" value="OpenJDK Runtime Environment"/>
    <property name="file.encoding" value="UTF-8"/>
    <property name="java.vm.name" value="OpenJDK 64-Bit Server VM"/>
    <property name="localRepository" value="/home/massimo/.m2/repository"/>
    <property name="java.vendor.url.bug" value="http://bugreport.sun.com/bugreport/"/>
    <property name="java.io.tmpdir" value="/tmp"/>
    <property name="java.version" value="1.8.0_312"/>
    <property name="user.dir" value="/media/massimo/Dati/Documenti/Università/1-Magistrale/iswii/working-copies-GITHUB/isw2-proj1plus"/>
    <property name="os.arch" value="amd64"/>
    <property name="java.vm.specification.name" value="Java Virtual Machine Specification"/>
    <property name="java.awt.printerjob" value="sun.print.PSPrinterJob"/>
    <property name="sun.os.patch.level" value="unknown"/>
    <property name="java.library.path" value="/usr/java/packages/lib/amd64:/usr/lib/x86_64-linux-gnu/jni:/lib/x86_64-linux-gnu:/usr/lib/x86_64-linux-gnu:/usr/lib/jni:/lib:/usr/lib"/>
    <property name="java.vm.info" value="mixed mode"/>
    <property name="java.vendor" value="Private Build"/>
    <property name="java.vm.version" value="25.312-b07"/>
    <property name="java.ext.dirs" value="/usr/lib/jvm/java-8-openjdk-amd64/jre/lib/ext:/usr/java/packages/lib/ext"/>
    <property name="sun.io.unicode.encoding" value="UnicodeLittle"/>
    <property name="java.class.version" value="52.0"/>
  </properties>
  <testcase name="compactedSuiteSwitcherTest[0]" classname="it.uniroma2.dicii.isw2.jcs.paramTests.EventQueueConcurrentLoadTest" time="0.292"/>
  <testcase name="compactedSuiteSwitcherTest[1]" classname="it.uniroma2.dicii.isw2.jcs.paramTests.EventQueueConcurrentLoadTest" time="0.293"/>
  <testcase name="compactedSuiteSwitcherTest[2]" classname="it.uniroma2.dicii.isw2.jcs.paramTests.EventQueueConcurrentLoadTest" time="0.039"/>
  <testcase name="compactedSuiteSwitcherTest[3]" classname="it.uniroma2.dicii.isw2.jcs.paramTests.EventQueueConcurrentLoadTest" time="0.012"/>
  <testcase name="compactedSuiteSwitcherTest[4]" classname="it.uniroma2.dicii.isw2.jcs.paramTests.EventQueueConcurrentLoadTest" time="0.304"/>
  <testcase name="compactedSuiteSwitcherTest[5]" classname="it.uniroma2.dicii.isw2.jcs.paramTests.EventQueueConcurrentLoadTest" time="0.02"/>
  <testcase name="compactedSuiteSwitcherTest[6]" classname="it.uniroma2.dicii.isw2.jcs.paramTests.EventQueueConcurrentLoadTest" time="0.007"/>
  <testcase name="compactedSuiteSwitcherTest[7]" classname="it.uniroma2.dicii.isw2.jcs.paramTests.EventQueueConcurrentLoadTest" time="10.022">
    <error message="test timed out after 10000 milliseconds" type="org.junit.runners.model.TestTimedOutException">org.junit.runners.model.TestTimedOutException: test timed out after 10000 milliseconds
	at it.uniroma2.dicii.isw2.jcs.paramTests.EventQueueConcurrentLoadTest.runPutDelayTest(EventQueueConcurrentLoadTest.java:240)
	at it.uniroma2.dicii.isw2.jcs.paramTests.EventQueueConcurrentLoadTest.compactedSuiteSwitcherTest(EventQueueConcurrentLoadTest.java:165)
</error>
    <system-out><![CDATA[Starting test: testRunPutDelayTest1
queue is busy, waiting 250 millis to begin
queue is busy, waiting 250 millis to begin
queue is busy, waiting 250 millis to begin
queue is busy, waiting 250 millis to begin
queue is busy, waiting 250 millis to begin
queue is busy, waiting 250 millis to begin
queue is busy, waiting 250 millis to begin
queue is busy, waiting 250 millis to begin
queue is busy, waiting 250 millis to begin
queue is busy, waiting 250 millis to begin
queue is busy, waiting 250 millis to begin
queue is busy, waiting 250 millis to begin
queue is busy, waiting 250 millis to begin
queue is busy, waiting 250 millis to begin
queue is busy, waiting 250 millis to begin
queue is busy, waiting 250 millis to begin
queue is busy, waiting 250 millis to begin
queue is busy, waiting 250 millis to begin
queue is busy, waiting 250 millis to begin
queue is busy, waiting 250 millis to begin
queue is busy, waiting 250 millis to begin
queue is busy, waiting 250 millis to begin
queue is busy, waiting 250 millis to begin
queue is busy, waiting 250 millis to begin
queue is busy, waiting 250 millis to begin
queue is busy, waiting 250 millis to begin
queue is busy, waiting 250 millis to begin
queue is busy, waiting 250 millis to begin
queue is busy, waiting 250 millis to begin
queue is busy, waiting 250 millis to begin
queue is busy, waiting 250 millis to begin
queue is busy, waiting 250 millis to begin
queue is busy, waiting 250 millis to begin
queue is busy, waiting 250 millis to begin
queue is busy, waiting 250 millis to begin
queue is busy, waiting 250 millis to begin
queue is busy, waiting 250 millis to begin
queue is busy, waiting 250 millis to begin
queue is busy, waiting 250 millis to begin
queue is busy, waiting 250 millis to begin
]]></system-out>
  </testcase>
</testsuite>